c:\users\konain raza\documents\mart billing system\mart billing system\x64\debug\vc142.pdb
c:\users\konain raza\documents\mart billing system\mart billing system\x64\debug\.netframework,version=v4.6.1.assemblyattributes.obj
c:\users\konain raza\documents\mart billing system\mart billing system\x64\debug\signin_page.obj
c:\users\konain raza\documents\mart billing system\mart billing system\x64\debug\registrationform_page.obj
c:\users\konain raza\documents\mart billing system\mart billing system\x64\debug\productsadd_page.obj
c:\users\konain raza\documents\mart billing system\mart billing system\x64\debug\passwordreset_page.obj
c:\users\konain raza\documents\mart billing system\mart billing system\x64\debug\loading_page.obj
c:\users\konain raza\documents\mart billing system\mart billing system\x64\debug\adminpanel_page.obj
c:\users\konain raza\documents\mart billing system\x64\debug\mart billing system.exe
c:\users\konain raza\documents\mart billing system\x64\debug\mart billing system.pdb
c:\users\konain raza\documents\mart billing system\mart billing system\x64\debug\martbillingsystem.adminpanel_page.resources
c:\users\konain raza\documents\mart billing system\mart billing system\x64\debug\martbillingsystem.loading_page.resources
c:\users\konain raza\documents\mart billing system\mart billing system\x64\debug\martbillingsystem.passwordreset_page.resources
c:\users\konain raza\documents\mart billing system\mart billing system\x64\debug\martbillingsystem.productsadd_page.resources
c:\users\konain raza\documents\mart billing system\mart billing system\x64\debug\martbillingsystem.registrationform_page.resources
c:\users\konain raza\documents\mart billing system\mart billing system\x64\debug\martbillingsystem.signin_page.resources
c:\users\konain raza\documents\mart billing system\mart billing system\x64\debug\martbillingsystem.software.resources
c:\users\konain raza\documents\mart billing system\mart billing system\x64\debug\mart billing system.vcxproj.assemblyreference.cache
c:\users\konain raza\documents\mart billing system\mart billing system\x64\debug\mart bil.40c1a3c0.tlog\cl.command.1.tlog
c:\users\konain raza\documents\mart billing system\mart billing system\x64\debug\mart bil.40c1a3c0.tlog\cl.read.1.tlog
c:\users\konain raza\documents\mart billing system\mart billing system\x64\debug\mart bil.40c1a3c0.tlog\cl.write.1.tlog
c:\users\konain raza\documents\mart billing system\mart billing system\x64\debug\mart bil.40c1a3c0.tlog\link.command.1.tlog
c:\users\konain raza\documents\mart billing system\mart billing system\x64\debug\mart bil.40c1a3c0.tlog\link.read.1.tlog
c:\users\konain raza\documents\mart billing system\mart billing system\x64\debug\mart bil.40c1a3c0.tlog\link.write.1.tlog
c:\users\konain raza\documents\mart billing system\mart billing system\x64\debug\mart bil.40c1a3c0.tlog\mart billing system.write.1u.tlog
c:\users\konain raza\documents\mart billing system\mart billing system\x64\debug\mart bil.40c1a3c0.tlog\metagen.read.1.tlog
c:\users\konain raza\documents\mart billing system\mart billing system\x64\debug\mart bil.40c1a3c0.tlog\metagen.write.1.tlog
