c:\users\konain raza\source\repos\mart billing system\mart billing system\x64\release\vc142.pdb
c:\users\konain raza\source\repos\mart billing system\mart billing system\x64\release\.netframework,version=v4.6.1.assemblyattributes.obj
c:\users\konain raza\source\repos\mart billing system\mart billing system\x64\release\signin_page.obj
c:\users\konain raza\source\repos\mart billing system\mart billing system\x64\release\registrationform_page.obj
c:\users\konain raza\source\repos\mart billing system\mart billing system\x64\release\productsadd_page.obj
c:\users\konain raza\source\repos\mart billing system\mart billing system\x64\release\passwordreset_page.obj
c:\users\konain raza\source\repos\mart billing system\mart billing system\x64\release\loading_page.obj
c:\users\konain raza\source\repos\mart billing system\mart billing system\x64\release\adminpanel_page.obj
c:\users\konain raza\source\repos\mart billing system\x64\release\mart billing system.exe
c:\users\konain raza\source\repos\mart billing system\x64\release\mart billing system.pdb
c:\users\konain raza\source\repos\mart billing system\mart billing system\x64\release\martbillingsystem.adminpanel_page.resources
c:\users\konain raza\source\repos\mart billing system\mart billing system\x64\release\martbillingsystem.loading_page.resources
c:\users\konain raza\source\repos\mart billing system\mart billing system\x64\release\martbillingsystem.passwordreset_page.resources
c:\users\konain raza\source\repos\mart billing system\mart billing system\x64\release\martbillingsystem.productsadd_page.resources
c:\users\konain raza\source\repos\mart billing system\mart billing system\x64\release\martbillingsystem.registrationform_page.resources
c:\users\konain raza\source\repos\mart billing system\mart billing system\x64\release\martbillingsystem.signin_page.resources
c:\users\konain raza\source\repos\mart billing system\mart billing system\x64\release\martbillingsystem.software.resources
c:\users\konain raza\source\repos\mart billing system\mart billing system\x64\release\mart bil.40c1a3c0.tlog\cl.command.1.tlog
c:\users\konain raza\source\repos\mart billing system\mart billing system\x64\release\mart bil.40c1a3c0.tlog\cl.read.1.tlog
c:\users\konain raza\source\repos\mart billing system\mart billing system\x64\release\mart bil.40c1a3c0.tlog\cl.write.1.tlog
c:\users\konain raza\source\repos\mart billing system\mart billing system\x64\release\mart bil.40c1a3c0.tlog\link.command.1.tlog
c:\users\konain raza\source\repos\mart billing system\mart billing system\x64\release\mart bil.40c1a3c0.tlog\link.read.1.tlog
c:\users\konain raza\source\repos\mart billing system\mart billing system\x64\release\mart bil.40c1a3c0.tlog\link.write.1.tlog
c:\users\konain raza\source\repos\mart billing system\mart billing system\x64\release\mart bil.40c1a3c0.tlog\mart billing system.write.1u.tlog
c:\users\konain raza\source\repos\mart billing system\mart billing system\x64\release\mart bil.40c1a3c0.tlog\metagen.read.1.tlog
c:\users\konain raza\source\repos\mart billing system\mart billing system\x64\release\mart bil.40c1a3c0.tlog\metagen.write.1.tlog
